<?xml version="1.0" encoding="UTF-8"?>
<testsuite name="com.makers.marketplace.MarketplaceApplicationTests" tests="1" skipped="0" failures="0" errors="0" timestamp="2024-12-09T16:17:15" hostname="MASTUDENT-Sajjad-Mollah-FVFLF2G11WFY.local" time="0.326">
  <properties/>
  <testcase name="contextLoads()" classname="com.makers.marketplace.MarketplaceApplicationTests" time="0.326"/>
  <system-out><![CDATA[16:17:13.341 [Test worker] INFO org.springframework.test.context.support.AnnotationConfigContextLoaderUtils -- Could not detect default configuration classes for test class [com.makers.marketplace.MarketplaceApplicationTests]: MarketplaceApplicationTests does not declare any static, non-private, non-final, nested classes annotated with @Configuration.
16:17:13.387 [Test worker] INFO org.springframework.boot.test.context.SpringBootTestContextBootstrapper -- Found @SpringBootConfiguration com.makers.marketplace.MarketplaceApplication for test class com.makers.marketplace.MarketplaceApplicationTests

  .   ____          _            __ _ _
 /\\ / ___'_ __ _ _(_)_ __  __ _ \ \ \ \
( ( )\___ | '_ | '_| | '_ \/ _` | \ \ \ \
 \\/  ___)| |_)| | | | | || (_| |  ) ) ) )
  '  |____| .__|_| |_|_| |_\__, | / / / /
 =========|_|==============|___/=/_/_/_/

 :: Spring Boot ::                (v3.4.0)

2024-12-09T16:17:13.550Z  INFO 37032 --- [marketplace] [    Test worker] c.m.m.MarketplaceApplicationTests        : Starting MarketplaceApplicationTests using Java 21.0.5 with PID 37032 (started by sajjadmollah in /Users/sajjadmollah/marketplace/Marketplace)
2024-12-09T16:17:13.550Z  INFO 37032 --- [marketplace] [    Test worker] c.m.m.MarketplaceApplicationTests        : No active profile set, falling back to 1 default profile: "default"
2024-12-09T16:17:13.805Z  INFO 37032 --- [marketplace] [    Test worker] .s.d.r.c.RepositoryConfigurationDelegate : Bootstrapping Spring Data JPA repositories in DEFAULT mode.
2024-12-09T16:17:13.828Z  INFO 37032 --- [marketplace] [    Test worker] .s.d.r.c.RepositoryConfigurationDelegate : Finished Spring Data repository scanning in 18 ms. Found 1 JPA repository interface.
2024-12-09T16:17:14.024Z  INFO 37032 --- [marketplace] [    Test worker] o.hibernate.jpa.internal.util.LogHelper  : HHH000204: Processing PersistenceUnitInfo [name: default]
2024-12-09T16:17:14.043Z  INFO 37032 --- [marketplace] [    Test worker] org.hibernate.Version                    : HHH000412: Hibernate ORM core version 6.6.2.Final
2024-12-09T16:17:14.057Z  INFO 37032 --- [marketplace] [    Test worker] o.h.c.internal.RegionFactoryInitiator    : HHH000026: Second-level cache disabled
2024-12-09T16:17:14.165Z  INFO 37032 --- [marketplace] [    Test worker] o.s.o.j.p.SpringPersistenceUnitInfo      : No LoadTimeWeaver setup: ignoring JPA class transformer
2024-12-09T16:17:14.177Z  INFO 37032 --- [marketplace] [    Test worker] com.zaxxer.hikari.HikariDataSource       : HikariPool-1 - Starting...
2024-12-09T16:17:14.239Z  INFO 37032 --- [marketplace] [    Test worker] com.zaxxer.hikari.pool.HikariPool        : HikariPool-1 - Added connection org.postgresql.jdbc.PgConnection@1e6d30c0
2024-12-09T16:17:14.240Z  INFO 37032 --- [marketplace] [    Test worker] com.zaxxer.hikari.HikariDataSource       : HikariPool-1 - Start completed.
2024-12-09T16:17:14.257Z  WARN 37032 --- [marketplace] [    Test worker] org.hibernate.orm.deprecation            : HHH90000025: PostgreSQLDialect does not need to be specified explicitly using 'hibernate.dialect' (remove the property setting and it will be selected by default)
2024-12-09T16:17:14.267Z  INFO 37032 --- [marketplace] [    Test worker] org.hibernate.orm.connections.pooling    : HHH10001005: Database info:
	Database JDBC URL [Connecting through datasource 'HikariDataSource (HikariPool-1)']
	Database driver: undefined/unknown
	Database version: 15.8
	Autocommit mode: undefined/unknown
	Isolation level: undefined/unknown
	Minimum pool size: undefined/unknown
	Maximum pool size: undefined/unknown
2024-12-09T16:17:14.582Z  INFO 37032 --- [marketplace] [    Test worker] o.h.e.t.j.p.i.JtaPlatformInitiator       : HHH000489: No JTA platform available (set 'hibernate.transaction.jta.platform' to enable JTA platform integration)
Hibernate: create table users (id bigint generated by default as identity, email varchar(255) not null, password varchar(255) not null, roles varchar(255), username varchar(255) not null, primary key (id))
Hibernate: alter table if exists users drop constraint if exists UKr43af9ap4edm43mmtq01oddj6
2024-12-09T16:17:14.636Z  WARN 37032 --- [marketplace] [    Test worker] o.h.engine.jdbc.spi.SqlExceptionHelper   : SQL Warning Code: 0, SQLState: 00000
2024-12-09T16:17:14.637Z  WARN 37032 --- [marketplace] [    Test worker] o.h.engine.jdbc.spi.SqlExceptionHelper   : constraint "ukr43af9ap4edm43mmtq01oddj6" of relation "users" does not exist, skipping
Hibernate: alter table if exists users add constraint UKr43af9ap4edm43mmtq01oddj6 unique (username)
2024-12-09T16:17:14.639Z  INFO 37032 --- [marketplace] [    Test worker] j.LocalContainerEntityManagerFactoryBean : Initialized JPA EntityManagerFactory for persistence unit 'default'
2024-12-09T16:17:14.779Z  WARN 37032 --- [marketplace] [    Test worker] JpaBaseConfiguration$JpaWebConfiguration : spring.jpa.open-in-view is enabled by default. Therefore, database queries may be performed during view rendering. Explicitly configure spring.jpa.open-in-view to disable this warning
2024-12-09T16:17:14.788Z  INFO 37032 --- [marketplace] [    Test worker] r$InitializeUserDetailsManagerConfigurer : Global AuthenticationManager configured with UserDetailsService bean with name customUserDetailsService
2024-12-09T16:17:15.098Z  INFO 37032 --- [marketplace] [    Test worker] c.m.m.MarketplaceApplicationTests        : Started MarketplaceApplicationTests in 1.651 seconds (process running for 2.122)
]]></system-out>
  <system-err><![CDATA[Mockito is currently self-attaching to enable the inline-mock-maker. This will no longer work in future releases of the JDK. Please add Mockito as an agent to your build what is described in Mockito's documentation: https://javadoc.io/doc/org.mockito/mockito-core/latest/org/mockito/Mockito.html#0.3
WARNING: A Java agent has been loaded dynamically (/Users/sajjadmollah/.gradle/caches/modules-2/files-2.1/net.bytebuddy/byte-buddy-agent/1.15.10/e8eb255b2c378b9a6c7341e7b0e12f0a5636377/byte-buddy-agent-1.15.10.jar)
WARNING: If a serviceability tool is in use, please run with -XX:+EnableDynamicAgentLoading to hide this warning
WARNING: If a serviceability tool is not in use, please run with -Djdk.instrument.traceUsage for more information
WARNING: Dynamic loading of agents will be disallowed by default in a future release
]]></system-err>
</testsuite>
